<?xml version="1.0" encoding="UTF-8"?>
<!-- Generated by org.testng.reporters.JUnitXMLReporter -->
<testsuite ignored="0" hostname="Saint-Honey" failures="1" tests="22" name="Default test" time="53.93" errors="0" timestamp="2020-12-03T09:04:44 IST">
  <testcase classname="freecrmsprint.SimpleTestNG" name="@BeforeMethod before" time="0.094">
    <failure type="java.lang.IllegalStateException" message="The driver executable does not exist: E:\Drivers\chromedriver_win32\chromedriver.exe">
      <![CDATA[java.lang.IllegalStateException: The driver executable does not exist: E:\Drivers\chromedriver_win32\chromedriver.exe
at com.google.common.base.Preconditions.checkState(Preconditions.java:585)
at org.openqa.selenium.remote.service.DriverService.checkExecutable(DriverService.java:146)
at org.openqa.selenium.remote.service.DriverService.findExecutable(DriverService.java:141)
at org.openqa.selenium.chrome.ChromeDriverService.access$000(ChromeDriverService.java:35)
at org.openqa.selenium.chrome.ChromeDriverService$Builder.findDefaultExecutable(ChromeDriverService.java:159)
at org.openqa.selenium.remote.service.DriverService$Builder.build(DriverService.java:355)
at org.openqa.selenium.chrome.ChromeDriverService.createDefaultService(ChromeDriverService.java:94)
at org.openqa.selenium.chrome.ChromeDriver.<init>(ChromeDriver.java:123)
at freecrmsprint.SimpleTestNG.before(SimpleTestNG.java:20)
at java.base/jdk.internal.reflect.NativeMethodAccessorImpl.invoke0(Native Method)
at java.base/jdk.internal.reflect.NativeMethodAccessorImpl.invoke(NativeMethodAccessorImpl.java:64)
at java.base/jdk.internal.reflect.DelegatingMethodAccessorImpl.invoke(DelegatingMethodAccessorImpl.java:43)
at java.base/java.lang.reflect.Method.invoke(Method.java:564)
at org.testng.internal.MethodInvocationHelper.invokeMethod(MethodInvocationHelper.java:134)
at org.testng.internal.MethodInvocationHelper.invokeMethodConsideringTimeout(MethodInvocationHelper.java:63)
at org.testng.internal.ConfigInvoker.invokeConfigurationMethod(ConfigInvoker.java:348)
at org.testng.internal.ConfigInvoker.invokeConfigurations(ConfigInvoker.java:302)
at org.testng.internal.TestInvoker.runConfigMethods(TestInvoker.java:695)
at org.testng.internal.TestInvoker.invokeMethod(TestInvoker.java:523)
at org.testng.internal.TestInvoker.invokeTestMethod(TestInvoker.java:173)
at org.testng.internal.MethodRunner.runInSequence(MethodRunner.java:46)
at org.testng.internal.TestInvoker$MethodInvocationAgent.invoke(TestInvoker.java:816)
at org.testng.internal.TestInvoker.invokeTestMethods(TestInvoker.java:146)
at org.testng.internal.TestMethodWorker.invokeTestMethods(TestMethodWorker.java:146)
at org.testng.internal.TestMethodWorker.run(TestMethodWorker.java:128)
at java.base/java.util.ArrayList.forEach(ArrayList.java:1511)
at org.testng.TestRunner.privateRun(TestRunner.java:766)
at org.testng.TestRunner.run(TestRunner.java:587)
at org.testng.SuiteRunner.runTest(SuiteRunner.java:384)
at org.testng.SuiteRunner.runSequentially(SuiteRunner.java:378)
at org.testng.SuiteRunner.privateRun(SuiteRunner.java:337)
at org.testng.SuiteRunner.run(SuiteRunner.java:286)
at org.testng.SuiteRunnerWorker.runSuite(SuiteRunnerWorker.java:53)
at org.testng.SuiteRunnerWorker.run(SuiteRunnerWorker.java:96)
at org.testng.TestNG.runSuitesSequentially(TestNG.java:1187)
at org.testng.TestNG.runSuitesLocally(TestNG.java:1109)
at org.testng.TestNG.runSuites(TestNG.java:1039)
at org.testng.TestNG.run(TestNG.java:1007)
at org.testng.remote.AbstractRemoteTestNG.run(AbstractRemoteTestNG.java:115)
at org.testng.remote.RemoteTestNG.initAndRun(RemoteTestNG.java:251)
at org.testng.remote.RemoteTestNG.main(RemoteTestNG.java:77)
]]>
    </failure>
  </testcase> <!-- @BeforeMethod before -->
  <testcase classname="freecrmsprint.SimpleTestNG" name="@AfterMethod tearDown" time="-1.606966431653E9">
    <skipped/>
  </testcase> <!-- @AfterMethod tearDown -->
  <testcase classname="freecrmsprint.SimpleTestNG" name="@BeforeMethod before" time="-1.606966431659E9">
    <skipped/>
  </testcase> <!-- @BeforeMethod before -->
  <testcase classname="freecrmsprint.SimpleTestNG" name="@AfterMethod tearDown" time="-1.606966431672E9">
    <skipped/>
  </testcase> <!-- @AfterMethod tearDown -->
  <testcase classname="freecrmsprint.SimpleTestNG" name="@BeforeMethod before" time="-1.606966431676E9">
    <skipped/>
  </testcase> <!-- @BeforeMethod before -->
  <testcase classname="freecrmsprint.SimpleTestNG" name="@AfterMethod tearDown" time="-1.606966431687E9">
    <skipped/>
  </testcase> <!-- @AfterMethod tearDown -->
  <testcase classname="freecrmsprint.SimpleTestNG" name="@BeforeMethod before" time="-1.606966431693E9">
    <skipped/>
  </testcase> <!-- @BeforeMethod before -->
  <testcase classname="freecrmsprint.SimpleTestNG" name="@AfterMethod tearDown" time="-1.606966431705E9">
    <skipped/>
  </testcase> <!-- @AfterMethod tearDown -->
  <testcase classname="freecrmsprint.SimpleTestNG" name="@BeforeMethod before" time="-1.606966431707E9">
    <skipped/>
  </testcase> <!-- @BeforeMethod before -->
  <testcase classname="freecrmsprint.SimpleTestNG" name="@AfterMethod tearDown" time="-1.606966431714E9">
    <skipped/>
  </testcase> <!-- @AfterMethod tearDown -->
  <testcase classname="freecrmsprint.SimpleTestNG" name="@BeforeMethod before" time="-1.606966431717E9">
    <skipped/>
  </testcase> <!-- @BeforeMethod before -->
  <testcase classname="freecrmsprint.SimpleTestNG" name="@AfterMethod tearDown" time="-1.606966431736E9">
    <skipped/>
  </testcase> <!-- @AfterMethod tearDown -->
  <testcase classname="freecrmsprint.SimpleTestNG" name="@BeforeMethod before" time="-1.606966431742E9">
    <skipped/>
  </testcase> <!-- @BeforeMethod before -->
  <testcase classname="freecrmsprint.SimpleTestNG" name="@AfterMethod tearDown" time="-1.606966431751E9">
    <skipped/>
  </testcase> <!-- @AfterMethod tearDown -->
  <testcase classname="freecrmsprint.SimpleTestNG" name="@BeforeMethod before" time="-1.606966431755E9">
    <skipped/>
  </testcase> <!-- @BeforeMethod before -->
  <testcase classname="freecrmsprint.SimpleTestNG" name="@AfterMethod tearDown" time="-1.606966431769E9">
    <skipped/>
  </testcase> <!-- @AfterMethod tearDown -->
  <testcase classname="freecrmsprint.SimpleTestNG" name="@BeforeMethod before" time="-1.606966431775E9">
    <skipped/>
  </testcase> <!-- @BeforeMethod before -->
  <testcase classname="freecrmsprint.SimpleTestNG" name="@AfterMethod tearDown" time="-1.60696643179E9">
    <skipped/>
  </testcase> <!-- @AfterMethod tearDown -->
  <testcase classname="freecrmsprint.SimpleTestNG" name="@BeforeMethod before" time="-1.606966431795E9">
    <skipped/>
  </testcase> <!-- @BeforeMethod before -->
  <testcase classname="freecrmsprint.SimpleTestNG" name="@AfterMethod tearDown" time="-1.606966431804E9">
    <skipped/>
  </testcase> <!-- @AfterMethod tearDown -->
  <testcase classname="freecrmsprint.TestCases" name="@AfterMethod tearDown" time="0.059">
    <failure type="org.openqa.selenium.NoSuchWindowException" message="no such window: target window already closed
from unknown error: web view not found
  (Session info: chrome=86.0.4240.198)
Build info: version: &amp;apos;3.141.59&amp;apos;, revision: &amp;apos;e82be7d358&amp;apos;, time: &amp;apos;2018-11-14T08:17:03&amp;apos;
System info: host: &amp;apos;SAINT-HONEY&amp;apos;, ip: &amp;apos;192.168.55.101&amp;apos;, os.name: &amp;apos;Windows 10&amp;apos;, os.arch: &amp;apos;amd64&amp;apos;, os.version: &amp;apos;10.0&amp;apos;, java.version: &amp;apos;15.0.1&amp;apos;
Driver info: org.openqa.selenium.chrome.ChromeDriver
Capabilities {acceptInsecureCerts: false, browserName: chrome, browserVersion: 86.0.4240.198, chrome: {chromedriverVersion: 86.0.4240.22 (398b0743353ff..., userDataDir: C:\Users\Hi\AppData\Local\T...}, goog:chromeOptions: {debuggerAddress: localhost:61994}, javascriptEnabled: true, networkConnectionEnabled: false, pageLoadStrategy: normal, platform: WINDOWS, platformName: WINDOWS, proxy: Proxy(), setWindowRect: true, strictFileInteractability: false, timeouts: {implicit: 0, pageLoad: 300000, script: 30000}, unhandledPromptBehavior: dismiss and notify, webauthn:virtualAuthenticators: true}
Session ID: 249d945fbc91e203d5a32dcbaf9cf211">
      <![CDATA[org.openqa.selenium.NoSuchWindowException: no such window: target window already closed
from unknown error: web view not found
  (Session info: chrome=86.0.4240.198)
Build info: version: '3.141.59', revision: 'e82be7d358', time: '2018-11-14T08:17:03'
System info: host: 'SAINT-HONEY', ip: '192.168.55.101', os.name: 'Windows 10', os.arch: 'amd64', os.version: '10.0', java.version: '15.0.1'
Driver info: org.openqa.selenium.chrome.ChromeDriver
Capabilities {acceptInsecureCerts: false, browserName: chrome, browserVersion: 86.0.4240.198, chrome: {chromedriverVersion: 86.0.4240.22 (398b0743353ff..., userDataDir: C:\Users\Hi\AppData\Local\T...}, goog:chromeOptions: {debuggerAddress: localhost:61994}, javascriptEnabled: true, networkConnectionEnabled: false, pageLoadStrategy: normal, platform: WINDOWS, platformName: WINDOWS, proxy: Proxy(), setWindowRect: true, strictFileInteractability: false, timeouts: {implicit: 0, pageLoad: 300000, script: 30000}, unhandledPromptBehavior: dismiss and notify, webauthn:virtualAuthenticators: true}
Session ID: 249d945fbc91e203d5a32dcbaf9cf211
at java.base/jdk.internal.reflect.NativeConstructorAccessorImpl.newInstance0(Native Method)
at java.base/jdk.internal.reflect.NativeConstructorAccessorImpl.newInstance(NativeConstructorAccessorImpl.java:64)
at java.base/jdk.internal.reflect.DelegatingConstructorAccessorImpl.newInstance(DelegatingConstructorAccessorImpl.java:45)
at java.base/java.lang.reflect.Constructor.newInstanceWithCaller(Constructor.java:500)
at java.base/java.lang.reflect.Constructor.newInstance(Constructor.java:481)
at org.openqa.selenium.remote.http.W3CHttpResponseCodec.createException(W3CHttpResponseCodec.java:187)
at org.openqa.selenium.remote.http.W3CHttpResponseCodec.decode(W3CHttpResponseCodec.java:122)
at org.openqa.selenium.remote.http.W3CHttpResponseCodec.decode(W3CHttpResponseCodec.java:49)
at org.openqa.selenium.remote.HttpCommandExecutor.execute(HttpCommandExecutor.java:158)
at org.openqa.selenium.remote.service.DriverCommandExecutor.execute(DriverCommandExecutor.java:83)
at org.openqa.selenium.remote.RemoteWebDriver.execute(RemoteWebDriver.java:552)
at org.openqa.selenium.remote.RemoteWebDriver.execute(RemoteWebDriver.java:609)
at org.openqa.selenium.remote.RemoteWebDriver.close(RemoteWebDriver.java:442)
at freecrmsprint.TestCases.tearDown(TestCases.java:201)
at java.base/jdk.internal.reflect.NativeMethodAccessorImpl.invoke0(Native Method)
at java.base/jdk.internal.reflect.NativeMethodAccessorImpl.invoke(NativeMethodAccessorImpl.java:64)
at java.base/jdk.internal.reflect.DelegatingMethodAccessorImpl.invoke(DelegatingMethodAccessorImpl.java:43)
at java.base/java.lang.reflect.Method.invoke(Method.java:564)
at org.testng.internal.MethodInvocationHelper.invokeMethod(MethodInvocationHelper.java:134)
at org.testng.internal.MethodInvocationHelper.invokeMethodConsideringTimeout(MethodInvocationHelper.java:63)
at org.testng.internal.ConfigInvoker.invokeConfigurationMethod(ConfigInvoker.java:348)
at org.testng.internal.ConfigInvoker.invokeConfigurations(ConfigInvoker.java:302)
at org.testng.internal.TestInvoker.runConfigMethods(TestInvoker.java:695)
at org.testng.internal.TestInvoker.runAfterGroupsConfigurations(TestInvoker.java:671)
at org.testng.internal.TestInvoker.invokeMethod(TestInvoker.java:655)
at org.testng.internal.TestInvoker.invokeTestMethod(TestInvoker.java:173)
at org.testng.internal.MethodRunner.runInSequence(MethodRunner.java:46)
at org.testng.internal.TestInvoker$MethodInvocationAgent.invoke(TestInvoker.java:816)
at org.testng.internal.TestInvoker.invokeTestMethods(TestInvoker.java:146)
at org.testng.internal.TestMethodWorker.invokeTestMethods(TestMethodWorker.java:146)
at org.testng.internal.TestMethodWorker.run(TestMethodWorker.java:128)
at java.base/java.util.ArrayList.forEach(ArrayList.java:1511)
at org.testng.TestRunner.privateRun(TestRunner.java:766)
at org.testng.TestRunner.run(TestRunner.java:587)
at org.testng.SuiteRunner.runTest(SuiteRunner.java:384)
at org.testng.SuiteRunner.runSequentially(SuiteRunner.java:378)
at org.testng.SuiteRunner.privateRun(SuiteRunner.java:337)
at org.testng.SuiteRunner.run(SuiteRunner.java:286)
at org.testng.SuiteRunnerWorker.runSuite(SuiteRunnerWorker.java:53)
at org.testng.SuiteRunnerWorker.run(SuiteRunnerWorker.java:96)
at org.testng.TestNG.runSuitesSequentially(TestNG.java:1187)
at org.testng.TestNG.runSuitesLocally(TestNG.java:1109)
at org.testng.TestNG.runSuites(TestNG.java:1039)
at org.testng.TestNG.run(TestNG.java:1007)
at org.testng.remote.AbstractRemoteTestNG.run(AbstractRemoteTestNG.java:115)
at org.testng.remote.RemoteTestNG.initAndRun(RemoteTestNG.java:251)
at org.testng.remote.RemoteTestNG.main(RemoteTestNG.java:77)
]]>
    </failure>
  </testcase> <!-- @AfterMethod tearDown -->
  <testcase classname="freecrmsprint.TestCases" name="@BeforeMethod setUp" time="-1.606966484689E9">
    <skipped/>
  </testcase> <!-- @BeforeMethod setUp -->
  <testcase classname="freecrmsprint.TestCases" name="@AfterMethod tearDown" time="-1.606966484706E9">
    <skipped/>
  </testcase> <!-- @AfterMethod tearDown -->
  <testcase classname="freecrmsprint.TestCases" name="@BeforeMethod setUp" time="-1.606966484709E9">
    <skipped/>
  </testcase> <!-- @BeforeMethod setUp -->
  <testcase classname="freecrmsprint.TestCases" name="@AfterMethod tearDown" time="-1.606966484726E9">
    <skipped/>
  </testcase> <!-- @AfterMethod tearDown -->
  <testcase classname="freecrmsprint.TestCases" name="@BeforeMethod setUp" time="-1.606966484729E9">
    <skipped/>
  </testcase> <!-- @BeforeMethod setUp -->
  <testcase classname="freecrmsprint.TestCases" name="@AfterMethod tearDown" time="-1.606966484744E9">
    <skipped/>
  </testcase> <!-- @AfterMethod tearDown -->
  <testcase classname="freecrmsprint.TestCases" name="@BeforeMethod setUp" time="-1.606966484748E9">
    <skipped/>
  </testcase> <!-- @BeforeMethod setUp -->
  <testcase classname="freecrmsprint.TestCases" name="@AfterMethod tearDown" time="-1.606966484759E9">
    <skipped/>
  </testcase> <!-- @AfterMethod tearDown -->
  <testcase classname="freecrmsprint.TestCases" name="@BeforeMethod setUp" time="-1.606966484761E9">
    <skipped/>
  </testcase> <!-- @BeforeMethod setUp -->
  <testcase classname="freecrmsprint.TestCases" name="@AfterMethod tearDown" time="-1.606966484767E9">
    <skipped/>
  </testcase> <!-- @AfterMethod tearDown -->
  <testcase classname="freecrmsprint.TestCases" name="@BeforeMethod setUp" time="-1.606966484768E9">
    <skipped/>
  </testcase> <!-- @BeforeMethod setUp -->
  <testcase classname="freecrmsprint.TestCases" name="@AfterMethod tearDown" time="-1.606966484785E9">
    <skipped/>
  </testcase> <!-- @AfterMethod tearDown -->
  <testcase classname="freecrmsprint.TestCases" name="@BeforeMethod setUp" time="-1.606966484787E9">
    <skipped/>
  </testcase> <!-- @BeforeMethod setUp -->
  <testcase classname="freecrmsprint.TestCases" name="@AfterMethod tearDown" time="-1.606966484792E9">
    <skipped/>
  </testcase> <!-- @AfterMethod tearDown -->
  <testcase classname="cucumber.api.testng.AbstractTestNGCucumberTests" name="feature" time="0.097"/>
  <testcase classname="freecrmsprint.SimpleTestNG" name="addContactfail" time="0.0">
    <skipped/>
  </testcase> <!-- addContactfail -->
  <testcase classname="freecrmsprint.SimpleTestNG" name="addContactsuccess" time="0.0">
    <skipped/>
  </testcase> <!-- addContactsuccess -->
  <testcase classname="freecrmsprint.SimpleTestNG" name="addDealfail" time="0.0">
    <skipped/>
  </testcase> <!-- addDealfail -->
  <testcase classname="freecrmsprint.SimpleTestNG" name="addDealsuccess" time="0.0">
    <skipped/>
  </testcase> <!-- addDealsuccess -->
  <testcase classname="freecrmsprint.SimpleTestNG" name="addTaskfail" time="0.0">
    <skipped/>
  </testcase> <!-- addTaskfail -->
  <testcase classname="freecrmsprint.SimpleTestNG" name="addTasksuccess" time="0.0">
    <skipped/>
  </testcase> <!-- addTasksuccess -->
  <testcase classname="freecrmsprint.SimpleTestNG" name="loginfail" time="0.0">
    <skipped/>
  </testcase> <!-- loginfail -->
  <testcase classname="freecrmsprint.SimpleTestNG" name="viewCal" time="0.0">
    <skipped/>
  </testcase> <!-- viewCal -->
  <testcase classname="freecrmsprint.SimpleTestNG" name="loginfail2" time="0.0">
    <skipped/>
  </testcase> <!-- loginfail2 -->
  <testcase classname="freecrmsprint.SimpleTestNG" name="loginSuccess" time="0.0">
    <skipped/>
  </testcase> <!-- loginSuccess -->
  <testcase classname="freecrmsprint.crmlogin" name="loginSuccess" time="0.0">
    <skipped/>
  </testcase> <!-- loginSuccess -->
  <testcase classname="freecrmsprint.TestCases" name="loginfail" time="3.379"/>
  <testcase classname="freecrmsprint.TestCases" name="loginfail2" time="1.832"/>
  <testcase classname="freecrmsprint.TestCases" name="addContactfail" time="3.822">
    <failure type="org.openqa.selenium.NoSuchElementException" message="Cannot locate an element using xpath=//*[@id=&amp;quot;main-nav&amp;quot;]/a[3]
For documentation on this error, please visit: https://www.seleniumhq.org/exceptions/no_such_element.html
Build info: version: &amp;apos;3.141.59&amp;apos;, revision: &amp;apos;e82be7d358&amp;apos;, time: &amp;apos;2018-11-14T08:17:03&amp;apos;
System info: host: &amp;apos;SAINT-HONEY&amp;apos;, ip: &amp;apos;192.168.55.101&amp;apos;, os.name: &amp;apos;Windows 10&amp;apos;, os.arch: &amp;apos;amd64&amp;apos;, os.version: &amp;apos;10.0&amp;apos;, java.version: &amp;apos;15.0.1&amp;apos;
Driver info: driver.version: RemoteWebDriver">
      <![CDATA[org.openqa.selenium.NoSuchElementException: Cannot locate an element using xpath=//*[@id="main-nav"]/a[3]
For documentation on this error, please visit: https://www.seleniumhq.org/exceptions/no_such_element.html
Build info: version: '3.141.59', revision: 'e82be7d358', time: '2018-11-14T08:17:03'
System info: host: 'SAINT-HONEY', ip: '192.168.55.101', os.name: 'Windows 10', os.arch: 'amd64', os.version: '10.0', java.version: '15.0.1'
Driver info: driver.version: RemoteWebDriver
at org.openqa.selenium.remote.RemoteWebDriver.findElement(RemoteWebDriver.java:327)
at org.openqa.selenium.remote.RemoteWebDriver.findElementByXPath(RemoteWebDriver.java:428)
at org.openqa.selenium.By$ByXPath.findElement(By.java:353)
at org.openqa.selenium.remote.RemoteWebDriver.findElement(RemoteWebDriver.java:315)
at org.openqa.selenium.support.pagefactory.DefaultElementLocator.findElement(DefaultElementLocator.java:69)
at org.openqa.selenium.support.pagefactory.internal.LocatingElementHandler.invoke(LocatingElementHandler.java:38)
at com.sun.proxy.$Proxy24.click(Unknown Source)
at freecrmsprint.TestCases.addContactfail(TestCases.java:74)
at java.base/jdk.internal.reflect.NativeMethodAccessorImpl.invoke0(Native Method)
at java.base/jdk.internal.reflect.NativeMethodAccessorImpl.invoke(NativeMethodAccessorImpl.java:64)
at java.base/jdk.internal.reflect.DelegatingMethodAccessorImpl.invoke(DelegatingMethodAccessorImpl.java:43)
at java.base/java.lang.reflect.Method.invoke(Method.java:564)
at org.testng.internal.MethodInvocationHelper.invokeMethod(MethodInvocationHelper.java:134)
at org.testng.internal.TestInvoker.invokeMethod(TestInvoker.java:597)
at org.testng.internal.TestInvoker.invokeTestMethod(TestInvoker.java:173)
at org.testng.internal.MethodRunner.runInSequence(MethodRunner.java:46)
at org.testng.internal.TestInvoker$MethodInvocationAgent.invoke(TestInvoker.java:816)
at org.testng.internal.TestInvoker.invokeTestMethods(TestInvoker.java:146)
at org.testng.internal.TestMethodWorker.invokeTestMethods(TestMethodWorker.java:146)
at org.testng.internal.TestMethodWorker.run(TestMethodWorker.java:128)
at java.base/java.util.ArrayList.forEach(ArrayList.java:1511)
at org.testng.TestRunner.privateRun(TestRunner.java:766)
at org.testng.TestRunner.run(TestRunner.java:587)
at org.testng.SuiteRunner.runTest(SuiteRunner.java:384)
at org.testng.SuiteRunner.runSequentially(SuiteRunner.java:378)
at org.testng.SuiteRunner.privateRun(SuiteRunner.java:337)
at org.testng.SuiteRunner.run(SuiteRunner.java:286)
at org.testng.SuiteRunnerWorker.runSuite(SuiteRunnerWorker.java:53)
at org.testng.SuiteRunnerWorker.run(SuiteRunnerWorker.java:96)
at org.testng.TestNG.runSuitesSequentially(TestNG.java:1187)
at org.testng.TestNG.runSuitesLocally(TestNG.java:1109)
at org.testng.TestNG.runSuites(TestNG.java:1039)
at org.testng.TestNG.run(TestNG.java:1007)
at org.testng.remote.AbstractRemoteTestNG.run(AbstractRemoteTestNG.java:115)
at org.testng.remote.RemoteTestNG.initAndRun(RemoteTestNG.java:251)
at org.testng.remote.RemoteTestNG.main(RemoteTestNG.java:77)
]]>
    </failure>
  </testcase> <!-- addContactfail -->
  <testcase classname="freecrmsprint.TestCases" name="addContactsuccess" time="0.0">
    <skipped/>
  </testcase> <!-- addContactsuccess -->
  <testcase classname="freecrmsprint.TestCases" name="addDealfail" time="0.0">
    <skipped/>
  </testcase> <!-- addDealfail -->
  <testcase classname="freecrmsprint.TestCases" name="addDealsuccess" time="0.0">
    <skipped/>
  </testcase> <!-- addDealsuccess -->
  <testcase classname="freecrmsprint.TestCases" name="addTaskfail" time="0.0">
    <skipped/>
  </testcase> <!-- addTaskfail -->
  <testcase classname="freecrmsprint.TestCases" name="addTasksuccess" time="0.0">
    <skipped/>
  </testcase> <!-- addTasksuccess -->
  <testcase classname="freecrmsprint.TestCases" name="loginSuccess" time="0.0">
    <skipped/>
  </testcase> <!-- loginSuccess -->
  <testcase classname="freecrmsprint.TestCases" name="viewCal" time="0.0">
    <skipped/>
  </testcase> <!-- viewCal -->
</testsuite> <!-- Default test -->
