<?xml version="1.0" encoding="UTF-8"?>
<!-- Generated by org.testng.reporters.JUnitReportReporter -->
<testsuite hostname="Saint-Honey" failures="0" tests="11" name="freecrmsprint.SimpleTestNG" time="0.094" errors="1" timestamp="2020-12-03T09:04:45 IST" skipped="10">
  <testcase classname="freecrmsprint.SimpleTestNG" name="addDealsuccess" time="0.000">
    <skipped/>
  </testcase> <!-- addDealsuccess -->
  <system-out/>
  <testcase classname="freecrmsprint.SimpleTestNG" name="loginfail" time="0.000">
    <skipped/>
  </testcase> <!-- loginfail -->
  <system-out/>
  <testcase classname="freecrmsprint.SimpleTestNG" name="addDealfail" time="0.000">
    <skipped/>
  </testcase> <!-- addDealfail -->
  <system-out/>
  <testcase classname="freecrmsprint.SimpleTestNG" name="viewCal" time="0.000">
    <skipped/>
  </testcase> <!-- viewCal -->
  <system-out/>
  <testcase classname="freecrmsprint.SimpleTestNG" name="addTaskfail" time="0.000">
    <skipped/>
  </testcase> <!-- addTaskfail -->
  <system-out/>
  <testcase classname="freecrmsprint.SimpleTestNG" name="before" time="0.094">
    <error message="The driver executable does not exist: E:\Drivers\chromedriver_win32\chromedriver.exe" type="java.lang.IllegalStateException">
      <![CDATA[java.lang.IllegalStateException: The driver executable does not exist: E:\Drivers\chromedriver_win32\chromedriver.exe
at com.google.common.base.Preconditions.checkState(Preconditions.java:585)
at org.openqa.selenium.remote.service.DriverService.checkExecutable(DriverService.java:146)
at org.openqa.selenium.remote.service.DriverService.findExecutable(DriverService.java:141)
at org.openqa.selenium.chrome.ChromeDriverService.access$000(ChromeDriverService.java:35)
at org.openqa.selenium.chrome.ChromeDriverService$Builder.findDefaultExecutable(ChromeDriverService.java:159)
at org.openqa.selenium.remote.service.DriverService$Builder.build(DriverService.java:355)
at org.openqa.selenium.chrome.ChromeDriverService.createDefaultService(ChromeDriverService.java:94)
at org.openqa.selenium.chrome.ChromeDriver.<init>(ChromeDriver.java:123)
at freecrmsprint.SimpleTestNG.before(SimpleTestNG.java:20)
at java.base/jdk.internal.reflect.NativeMethodAccessorImpl.invoke0(Native Method)
at java.base/jdk.internal.reflect.NativeMethodAccessorImpl.invoke(NativeMethodAccessorImpl.java:64)
at java.base/jdk.internal.reflect.DelegatingMethodAccessorImpl.invoke(DelegatingMethodAccessorImpl.java:43)
at java.base/java.lang.reflect.Method.invoke(Method.java:564)
at org.testng.internal.MethodInvocationHelper.invokeMethod(MethodInvocationHelper.java:134)
at org.testng.internal.MethodInvocationHelper.invokeMethodConsideringTimeout(MethodInvocationHelper.java:63)
at org.testng.internal.ConfigInvoker.invokeConfigurationMethod(ConfigInvoker.java:348)
at org.testng.internal.ConfigInvoker.invokeConfigurations(ConfigInvoker.java:302)
at org.testng.internal.TestInvoker.runConfigMethods(TestInvoker.java:695)
at org.testng.internal.TestInvoker.invokeMethod(TestInvoker.java:523)
at org.testng.internal.TestInvoker.invokeTestMethod(TestInvoker.java:173)
at org.testng.internal.MethodRunner.runInSequence(MethodRunner.java:46)
at org.testng.internal.TestInvoker$MethodInvocationAgent.invoke(TestInvoker.java:816)
at org.testng.internal.TestInvoker.invokeTestMethods(TestInvoker.java:146)
at org.testng.internal.TestMethodWorker.invokeTestMethods(TestMethodWorker.java:146)
at org.testng.internal.TestMethodWorker.run(TestMethodWorker.java:128)
at java.base/java.util.ArrayList.forEach(ArrayList.java:1511)
at org.testng.TestRunner.privateRun(TestRunner.java:766)
at org.testng.TestRunner.run(TestRunner.java:587)
at org.testng.SuiteRunner.runTest(SuiteRunner.java:384)
at org.testng.SuiteRunner.runSequentially(SuiteRunner.java:378)
at org.testng.SuiteRunner.privateRun(SuiteRunner.java:337)
at org.testng.SuiteRunner.run(SuiteRunner.java:286)
at org.testng.SuiteRunnerWorker.runSuite(SuiteRunnerWorker.java:53)
at org.testng.SuiteRunnerWorker.run(SuiteRunnerWorker.java:96)
at org.testng.TestNG.runSuitesSequentially(TestNG.java:1187)
at org.testng.TestNG.runSuitesLocally(TestNG.java:1109)
at org.testng.TestNG.runSuites(TestNG.java:1039)
at org.testng.TestNG.run(TestNG.java:1007)
at org.testng.remote.AbstractRemoteTestNG.run(AbstractRemoteTestNG.java:115)
at org.testng.remote.RemoteTestNG.initAndRun(RemoteTestNG.java:251)
at org.testng.remote.RemoteTestNG.main(RemoteTestNG.java:77)
]]>
    </error>
  </testcase> <!-- before -->
  <system-out/>
  <testcase classname="freecrmsprint.SimpleTestNG" name="addContactfail" time="0.000">
    <skipped/>
  </testcase> <!-- addContactfail -->
  <system-out/>
  <testcase classname="freecrmsprint.SimpleTestNG" name="addContactsuccess" time="0.000">
    <skipped/>
  </testcase> <!-- addContactsuccess -->
  <system-out/>
  <testcase classname="freecrmsprint.SimpleTestNG" name="addTasksuccess" time="0.000">
    <skipped/>
  </testcase> <!-- addTasksuccess -->
  <system-out/>
  <testcase classname="freecrmsprint.SimpleTestNG" name="loginfail2" time="0.000">
    <skipped/>
  </testcase> <!-- loginfail2 -->
  <system-out/>
  <testcase classname="freecrmsprint.SimpleTestNG" name="loginSuccess" time="0.000">
    <skipped/>
  </testcase> <!-- loginSuccess -->
  <system-out/>
</testsuite> <!-- freecrmsprint.SimpleTestNG -->
